2021-11-14 15:51:22 [background-preinit] INFO  o.h.validator.internal.util.Version - HV000001: Hibernate Validator 6.1.5.Final
2021-11-14 15:51:22 [main] INFO  c.u.j.c.EnableEncryptablePropertiesBeanFactoryPostProcessor - Post-processing PropertySource instances
2021-11-14 15:51:23 [main] INFO  c.u.j.EncryptablePropertySourceConverter - Converting PropertySource configurationProperties [org.springframework.boot.context.properties.source.ConfigurationPropertySourcesPropertySource] to AOP Proxy
2021-11-14 15:51:23 [main] INFO  c.u.j.EncryptablePropertySourceConverter - Converting PropertySource bootstrap [org.springframework.core.env.MapPropertySource] to EncryptableMapPropertySourceWrapper
2021-11-14 15:51:23 [main] INFO  c.u.j.EncryptablePropertySourceConverter - Converting PropertySource systemProperties [org.springframework.core.env.PropertiesPropertySource] to EncryptableMapPropertySourceWrapper
2021-11-14 15:51:23 [main] INFO  c.u.j.EncryptablePropertySourceConverter - Converting PropertySource systemEnvironment [org.springframework.boot.env.SystemEnvironmentPropertySourceEnvironmentPostProcessor$OriginAwareSystemEnvironmentPropertySource] to EncryptableSystemEnvironmentPropertySourceWrapper
2021-11-14 15:51:23 [main] INFO  c.u.j.EncryptablePropertySourceConverter - Converting PropertySource random [org.springframework.boot.env.RandomValuePropertySource] to EncryptablePropertySourceWrapper
2021-11-14 15:51:23 [main] INFO  c.u.j.EncryptablePropertySourceConverter - Converting PropertySource springCloudClientHostInfo [org.springframework.core.env.MapPropertySource] to EncryptableMapPropertySourceWrapper
2021-11-14 15:51:23 [main] INFO  c.u.j.EncryptablePropertySourceConverter - Converting PropertySource applicationConfig: [classpath:/bootstrap.yaml] [org.springframework.boot.env.OriginTrackedMapPropertySource] to EncryptableMapPropertySourceWrapper
2021-11-14 15:51:23 [main] INFO  c.u.j.f.DefaultLazyPropertyFilter - Property Filter custom Bean not found with name 'encryptablePropertyFilter'. Initializing Default Property Filter
2021-11-14 15:51:23 [main] INFO  c.u.j.r.DefaultLazyPropertyResolver - Property Resolver custom Bean not found with name 'encryptablePropertyResolver'. Initializing Default Property Resolver
2021-11-14 15:51:23 [main] INFO  c.u.j.d.DefaultLazyPropertyDetector - Property Detector custom Bean not found with name 'encryptablePropertyDetector'. Initializing Default Property Detector
2021-11-14 15:51:23 [main] INFO  c.u.j.encryptor.DefaultLazyEncryptor - String Encryptor custom Bean not found with name 'jasyptStringEncryptor'. Initializing Default String Encryptor
2021-11-14 15:51:23 [main] INFO  c.u.j.c.StringEncryptorBuilder - Encryptor config not found for property jasypt.encryptor.algorithm, using default value: PBEWITHHMACSHA512ANDAES_256
2021-11-14 15:51:23 [main] INFO  c.u.j.c.StringEncryptorBuilder - Encryptor config not found for property jasypt.encryptor.key-obtention-iterations, using default value: 1000
2021-11-14 15:51:23 [main] INFO  c.u.j.c.StringEncryptorBuilder - Encryptor config not found for property jasypt.encryptor.pool-size, using default value: 1
2021-11-14 15:51:23 [main] INFO  c.u.j.c.StringEncryptorBuilder - Encryptor config not found for property jasypt.encryptor.provider-name, using default value: null
2021-11-14 15:51:23 [main] INFO  c.u.j.c.StringEncryptorBuilder - Encryptor config not found for property jasypt.encryptor.provider-class-name, using default value: null
2021-11-14 15:51:23 [main] INFO  c.u.j.c.StringEncryptorBuilder - Encryptor config not found for property jasypt.encryptor.salt-generator-classname, using default value: org.jasypt.salt.RandomSaltGenerator
2021-11-14 15:51:23 [main] INFO  c.u.j.c.StringEncryptorBuilder - Encryptor config not found for property jasypt.encryptor.iv-generator-classname, using default value: org.jasypt.iv.RandomIvGenerator
2021-11-14 15:51:23 [main] INFO  c.u.j.c.StringEncryptorBuilder - Encryptor config not found for property jasypt.encryptor.string-output-type, using default value: base64
2021-11-14 15:51:24 [main] INFO  o.s.c.c.c.ConfigServicePropertySourceLocator - Fetching config from server at : http://localhost:8090
2021-11-14 15:51:26 [main] INFO  o.s.c.c.c.ConfigServicePropertySourceLocator - Located environment: name=elastic-query-service,config-client, profiles=[elastic_query], label=null, version=c29d343b32cf7141ce771fec240470a36c5b75ca, state=null
2021-11-14 15:51:26 [main] INFO  o.s.c.b.c.PropertySourceBootstrapConfiguration - Located property source: [BootstrapPropertySource {name='bootstrapProperties-configClient'}, BootstrapPropertySource {name='bootstrapProperties-https://github.com/ertugrulsmz/spring-cloud-config/config-client-elastic_query.yaml'}, BootstrapPropertySource {name='bootstrapProperties-https://github.com/ertugrulsmz/spring-cloud-config/config-client.yaml'}]
2021-11-14 15:51:26 [main] INFO  c.m.d.e.q.s.ElasticQueryServiceApplication - The following profiles are active: elastic_query
2021-11-14 15:51:27 [main] INFO  o.s.d.r.c.RepositoryConfigurationDelegate - Bootstrapping Spring Data Elasticsearch repositories in DEFAULT mode.
2021-11-14 15:51:27 [main] INFO  o.s.d.r.c.RepositoryConfigurationDelegate - Finished Spring Data repository scanning in 76ms. Found 1 Elasticsearch repository interfaces.
2021-11-14 15:51:27 [main] INFO  o.s.d.r.c.RepositoryConfigurationDelegate - Bootstrapping Spring Data Reactive Elasticsearch repositories in DEFAULT mode.
2021-11-14 15:51:27 [main] INFO  o.s.d.r.c.RepositoryConfigurationDelegate - Finished Spring Data repository scanning in 10ms. Found 0 Reactive Elasticsearch repository interfaces.
2021-11-14 15:51:27 [main] INFO  o.s.cloud.context.scope.GenericScope - BeanFactory id=f1446015-3ff7-3c2a-82c0-58768bc5c5b0
2021-11-14 15:51:27 [main] INFO  c.u.j.c.EnableEncryptablePropertiesBeanFactoryPostProcessor - Post-processing PropertySource instances
2021-11-14 15:51:27 [main] INFO  c.u.j.EncryptablePropertySourceConverter - Converting PropertySource bootstrapProperties-configClient [org.springframework.cloud.bootstrap.config.BootstrapPropertySource] to EncryptableEnumerablePropertySourceWrapper
2021-11-14 15:51:27 [main] INFO  c.u.j.EncryptablePropertySourceConverter - Converting PropertySource bootstrapProperties-https://github.com/ertugrulsmz/spring-cloud-config/config-client-elastic_query.yaml [org.springframework.cloud.bootstrap.config.BootstrapPropertySource] to EncryptableEnumerablePropertySourceWrapper
2021-11-14 15:51:27 [main] INFO  c.u.j.EncryptablePropertySourceConverter - Converting PropertySource bootstrapProperties-https://github.com/ertugrulsmz/spring-cloud-config/config-client.yaml [org.springframework.cloud.bootstrap.config.BootstrapPropertySource] to EncryptableEnumerablePropertySourceWrapper
2021-11-14 15:51:27 [main] INFO  c.u.j.EncryptablePropertySourceConverter - Converting PropertySource configurationProperties [org.springframework.boot.context.properties.source.ConfigurationPropertySourcesPropertySource] to AOP Proxy
2021-11-14 15:51:27 [main] INFO  c.u.j.EncryptablePropertySourceConverter - Converting PropertySource servletConfigInitParams [org.springframework.core.env.PropertySource$StubPropertySource] to EncryptablePropertySourceWrapper
2021-11-14 15:51:27 [main] INFO  c.u.j.EncryptablePropertySourceConverter - Converting PropertySource servletContextInitParams [org.springframework.core.env.PropertySource$StubPropertySource] to EncryptablePropertySourceWrapper
2021-11-14 15:51:27 [main] INFO  c.u.j.EncryptablePropertySourceConverter - Converting PropertySource systemProperties [org.springframework.core.env.PropertiesPropertySource] to EncryptableMapPropertySourceWrapper
2021-11-14 15:51:27 [main] INFO  c.u.j.EncryptablePropertySourceConverter - Converting PropertySource systemEnvironment [org.springframework.boot.env.SystemEnvironmentPropertySourceEnvironmentPostProcessor$OriginAwareSystemEnvironmentPropertySource] to EncryptableSystemEnvironmentPropertySourceWrapper
2021-11-14 15:51:27 [main] INFO  c.u.j.EncryptablePropertySourceConverter - Converting PropertySource random [org.springframework.boot.env.RandomValuePropertySource] to EncryptablePropertySourceWrapper
2021-11-14 15:51:27 [main] INFO  c.u.j.EncryptablePropertySourceConverter - Converting PropertySource springCloudClientHostInfo [org.springframework.core.env.MapPropertySource] to EncryptableMapPropertySourceWrapper
2021-11-14 15:51:27 [main] INFO  c.u.j.EncryptablePropertySourceConverter - Converting PropertySource springCloudDefaultProperties [org.springframework.core.env.MapPropertySource] to EncryptableMapPropertySourceWrapper
2021-11-14 15:51:27 [main] INFO  c.u.j.EncryptablePropertySourceConverter - Converting PropertySource cachedrandom [org.springframework.cloud.util.random.CachedRandomPropertySource] to EncryptablePropertySourceWrapper
2021-11-14 15:51:27 [main] INFO  c.u.j.f.DefaultLazyPropertyFilter - Property Filter custom Bean not found with name 'encryptablePropertyFilter'. Initializing Default Property Filter
2021-11-14 15:51:27 [main] INFO  c.u.j.r.DefaultLazyPropertyResolver - Property Resolver custom Bean not found with name 'encryptablePropertyResolver'. Initializing Default Property Resolver
2021-11-14 15:51:27 [main] INFO  c.u.j.d.DefaultLazyPropertyDetector - Property Detector custom Bean not found with name 'encryptablePropertyDetector'. Initializing Default Property Detector
2021-11-14 15:51:28 [main] INFO  o.s.b.w.e.tomcat.TomcatWebServer - Tomcat initialized with port(s): 8183 (http)
2021-11-14 15:51:28 [main] INFO  o.a.coyote.http11.Http11NioProtocol - Initializing ProtocolHandler ["http-nio-8183"]
2021-11-14 15:51:28 [main] INFO  o.a.catalina.core.StandardService - Starting service [Tomcat]
2021-11-14 15:51:28 [main] INFO  o.a.catalina.core.StandardEngine - Starting Servlet engine: [Apache Tomcat/9.0.38]
2021-11-14 15:51:28 [main] INFO  o.a.c.c.C.[.[.[/elastic-query-service] - Initializing Spring embedded WebApplicationContext
2021-11-14 15:51:28 [main] INFO  o.s.b.w.s.c.ServletWebServerApplicationContext - Root WebApplicationContext: initialization completed in 1761 ms
2021-11-14 15:51:28 [main] WARN  o.s.data.convert.CustomConversions - Registering converter from class org.springframework.data.geo.Point to interface java.util.Map as writing converter although it doesn't convert to a store-supported type! You might want to check your annotation setup at the converter implementation.
2021-11-14 15:51:28 [main] WARN  o.s.data.convert.CustomConversions - Registering converter from interface java.util.Map to class org.springframework.data.geo.Point as reading converter although it doesn't convert from a store-supported type! You might want to check your annotation setup at the converter implementation.
2021-11-14 15:51:28 [main] WARN  o.s.data.convert.CustomConversions - Registering converter from class org.springframework.data.elasticsearch.core.geo.GeoPoint to interface java.util.Map as writing converter although it doesn't convert to a store-supported type! You might want to check your annotation setup at the converter implementation.
2021-11-14 15:51:28 [main] WARN  o.s.data.convert.CustomConversions - Registering converter from interface java.util.Map to class org.springframework.data.elasticsearch.core.geo.GeoPoint as reading converter although it doesn't convert from a store-supported type! You might want to check your annotation setup at the converter implementation.
2021-11-14 15:51:28 [main] WARN  o.s.data.convert.CustomConversions - Registering converter from class org.springframework.data.geo.Point to interface java.util.Map as writing converter although it doesn't convert to a store-supported type! You might want to check your annotation setup at the converter implementation.
2021-11-14 15:51:28 [main] WARN  o.s.data.convert.CustomConversions - Registering converter from interface java.util.Map to class org.springframework.data.geo.Point as reading converter although it doesn't convert from a store-supported type! You might want to check your annotation setup at the converter implementation.
2021-11-14 15:51:28 [main] WARN  o.s.data.convert.CustomConversions - Registering converter from class org.springframework.data.elasticsearch.core.geo.GeoPoint to interface java.util.Map as writing converter although it doesn't convert to a store-supported type! You might want to check your annotation setup at the converter implementation.
2021-11-14 15:51:28 [main] WARN  o.s.data.convert.CustomConversions - Registering converter from interface java.util.Map to class org.springframework.data.elasticsearch.core.geo.GeoPoint as reading converter although it doesn't convert from a store-supported type! You might want to check your annotation setup at the converter implementation.
2021-11-14 15:51:29 [main] INFO  o.s.d.e.support.VersionInfo - Version Spring Data Elasticsearch: 4.0.4.RELEASE
2021-11-14 15:51:29 [main] INFO  o.s.d.e.support.VersionInfo - Version Elasticsearch Client in build: 7.6.2
2021-11-14 15:51:29 [main] INFO  o.s.d.e.support.VersionInfo - Version Elasticsearch Client used: 7.9.1
2021-11-14 15:51:29 [main] WARN  o.s.d.e.support.VersionInfo - Version mismatch in between Elasticsearch Clients build/use: 7.6.2 - 7.9.1
2021-11-14 15:51:29 [main] INFO  o.s.d.e.support.VersionInfo - Version Elasticsearch cluster: 7.9.1
2021-11-14 15:51:29 [main] INFO  o.s.s.web.DefaultSecurityFilterChain - Creating filter chain: Ant [pattern='/api-docs'], []
2021-11-14 15:51:29 [main] INFO  o.s.s.web.DefaultSecurityFilterChain - Creating filter chain: any request, [org.springframework.security.web.context.request.async.WebAsyncManagerIntegrationFilter@4fa8297b, org.springframework.security.web.context.SecurityContextPersistenceFilter@69de72ec, org.springframework.security.web.header.HeaderWriterFilter@7a3a49e5, org.springframework.security.web.authentication.logout.LogoutFilter@6d4502ca, org.springframework.security.web.authentication.www.BasicAuthenticationFilter@53e4a19e, org.springframework.security.web.savedrequest.RequestCacheAwareFilter@6d6f6ca9, org.springframework.security.web.servletapi.SecurityContextHolderAwareRequestFilter@25dcf1b6, org.springframework.security.web.authentication.AnonymousAuthenticationFilter@6644bdf5, org.springframework.security.web.session.SessionManagementFilter@356f20b7, org.springframework.security.web.access.ExceptionTranslationFilter@b2da3a5, org.springframework.security.web.access.intercept.FilterSecurityInterceptor@4a58e0e9]
2021-11-14 15:51:29 [main] WARN  o.s.data.convert.CustomConversions - Registering converter from class org.springframework.data.geo.Point to interface java.util.Map as writing converter although it doesn't convert to a store-supported type! You might want to check your annotation setup at the converter implementation.
2021-11-14 15:51:29 [main] WARN  o.s.data.convert.CustomConversions - Registering converter from interface java.util.Map to class org.springframework.data.geo.Point as reading converter although it doesn't convert from a store-supported type! You might want to check your annotation setup at the converter implementation.
2021-11-14 15:51:29 [main] WARN  o.s.data.convert.CustomConversions - Registering converter from class org.springframework.data.elasticsearch.core.geo.GeoPoint to interface java.util.Map as writing converter although it doesn't convert to a store-supported type! You might want to check your annotation setup at the converter implementation.
2021-11-14 15:51:29 [main] WARN  o.s.data.convert.CustomConversions - Registering converter from interface java.util.Map to class org.springframework.data.elasticsearch.core.geo.GeoPoint as reading converter although it doesn't convert from a store-supported type! You might want to check your annotation setup at the converter implementation.
2021-11-14 15:51:29 [main] INFO  o.s.s.c.ThreadPoolTaskExecutor - Initializing ExecutorService 'applicationTaskExecutor'
2021-11-14 15:51:31 [main] INFO  o.a.coyote.http11.Http11NioProtocol - Starting ProtocolHandler ["http-nio-8183"]
2021-11-14 15:51:31 [main] INFO  o.s.b.w.e.tomcat.TomcatWebServer - Tomcat started on port(s): 8183 (http) with context path '/elastic-query-service'
2021-11-14 15:51:31 [main] INFO  c.m.d.e.q.s.ElasticQueryServiceApplication - Started ElasticQueryServiceApplication in 10.141 seconds (JVM running for 11.746)
2021-11-14 16:40:54 [http-nio-8183-exec-1] INFO  o.a.c.c.C.[.[.[/elastic-query-service] - Initializing Spring DispatcherServlet 'dispatcherServlet'
2021-11-14 16:40:54 [http-nio-8183-exec-1] INFO  o.s.web.servlet.DispatcherServlet - Initializing Servlet 'dispatcherServlet'
2021-11-14 16:40:54 [http-nio-8183-exec-1] INFO  o.s.web.servlet.DispatcherServlet - Completed initialization in 11 ms
2021-11-14 16:47:16 [background-preinit] INFO  o.h.validator.internal.util.Version - HV000001: Hibernate Validator 6.1.5.Final
2021-11-14 16:47:17 [main] INFO  c.u.j.c.EnableEncryptablePropertiesBeanFactoryPostProcessor - Post-processing PropertySource instances
2021-11-14 16:47:17 [main] INFO  c.u.j.EncryptablePropertySourceConverter - Converting PropertySource configurationProperties [org.springframework.boot.context.properties.source.ConfigurationPropertySourcesPropertySource] to AOP Proxy
2021-11-14 16:47:17 [main] INFO  c.u.j.EncryptablePropertySourceConverter - Converting PropertySource bootstrap [org.springframework.core.env.MapPropertySource] to EncryptableMapPropertySourceWrapper
2021-11-14 16:47:17 [main] INFO  c.u.j.EncryptablePropertySourceConverter - Converting PropertySource systemProperties [org.springframework.core.env.PropertiesPropertySource] to EncryptableMapPropertySourceWrapper
2021-11-14 16:47:17 [main] INFO  c.u.j.EncryptablePropertySourceConverter - Converting PropertySource systemEnvironment [org.springframework.boot.env.SystemEnvironmentPropertySourceEnvironmentPostProcessor$OriginAwareSystemEnvironmentPropertySource] to EncryptableSystemEnvironmentPropertySourceWrapper
2021-11-14 16:47:17 [main] INFO  c.u.j.EncryptablePropertySourceConverter - Converting PropertySource random [org.springframework.boot.env.RandomValuePropertySource] to EncryptablePropertySourceWrapper
2021-11-14 16:47:17 [main] INFO  c.u.j.EncryptablePropertySourceConverter - Converting PropertySource springCloudClientHostInfo [org.springframework.core.env.MapPropertySource] to EncryptableMapPropertySourceWrapper
2021-11-14 16:47:17 [main] INFO  c.u.j.EncryptablePropertySourceConverter - Converting PropertySource applicationConfig: [classpath:/bootstrap.yaml] [org.springframework.boot.env.OriginTrackedMapPropertySource] to EncryptableMapPropertySourceWrapper
2021-11-14 16:47:17 [main] INFO  c.u.j.f.DefaultLazyPropertyFilter - Property Filter custom Bean not found with name 'encryptablePropertyFilter'. Initializing Default Property Filter
2021-11-14 16:47:17 [main] INFO  c.u.j.r.DefaultLazyPropertyResolver - Property Resolver custom Bean not found with name 'encryptablePropertyResolver'. Initializing Default Property Resolver
2021-11-14 16:47:17 [main] INFO  c.u.j.d.DefaultLazyPropertyDetector - Property Detector custom Bean not found with name 'encryptablePropertyDetector'. Initializing Default Property Detector
2021-11-14 16:47:17 [main] INFO  c.u.j.encryptor.DefaultLazyEncryptor - String Encryptor custom Bean not found with name 'jasyptStringEncryptor'. Initializing Default String Encryptor
2021-11-14 16:47:17 [main] INFO  c.u.j.c.StringEncryptorBuilder - Encryptor config not found for property jasypt.encryptor.algorithm, using default value: PBEWITHHMACSHA512ANDAES_256
2021-11-14 16:47:17 [main] INFO  c.u.j.c.StringEncryptorBuilder - Encryptor config not found for property jasypt.encryptor.key-obtention-iterations, using default value: 1000
2021-11-14 16:47:17 [main] INFO  c.u.j.c.StringEncryptorBuilder - Encryptor config not found for property jasypt.encryptor.pool-size, using default value: 1
2021-11-14 16:47:17 [main] INFO  c.u.j.c.StringEncryptorBuilder - Encryptor config not found for property jasypt.encryptor.provider-name, using default value: null
2021-11-14 16:47:17 [main] INFO  c.u.j.c.StringEncryptorBuilder - Encryptor config not found for property jasypt.encryptor.provider-class-name, using default value: null
2021-11-14 16:47:17 [main] INFO  c.u.j.c.StringEncryptorBuilder - Encryptor config not found for property jasypt.encryptor.salt-generator-classname, using default value: org.jasypt.salt.RandomSaltGenerator
2021-11-14 16:47:17 [main] INFO  c.u.j.c.StringEncryptorBuilder - Encryptor config not found for property jasypt.encryptor.iv-generator-classname, using default value: org.jasypt.iv.RandomIvGenerator
2021-11-14 16:47:17 [main] INFO  c.u.j.c.StringEncryptorBuilder - Encryptor config not found for property jasypt.encryptor.string-output-type, using default value: base64
2021-11-14 16:47:17 [main] INFO  o.s.c.c.c.ConfigServicePropertySourceLocator - Fetching config from server at : http://localhost:8090
2021-11-14 16:47:20 [main] INFO  o.s.c.c.c.ConfigServicePropertySourceLocator - Located environment: name=elastic-query-service,config-client, profiles=[elastic_query], label=null, version=8a9bd94f38193f90d5f30dd0dd7d1f3efd382f35, state=null
2021-11-14 16:47:20 [main] INFO  o.s.c.b.c.PropertySourceBootstrapConfiguration - Located property source: [BootstrapPropertySource {name='bootstrapProperties-configClient'}, BootstrapPropertySource {name='bootstrapProperties-https://github.com/ertugrulsmz/spring-cloud-config/config-client-elastic_query.yaml'}, BootstrapPropertySource {name='bootstrapProperties-https://github.com/ertugrulsmz/spring-cloud-config/config-client.yaml'}]
2021-11-14 16:47:20 [main] INFO  c.m.d.e.q.s.ElasticQueryServiceApplication - The following profiles are active: elastic_query
2021-11-14 16:47:20 [main] INFO  o.s.d.r.c.RepositoryConfigurationDelegate - Bootstrapping Spring Data Elasticsearch repositories in DEFAULT mode.
2021-11-14 16:47:20 [main] INFO  o.s.d.r.c.RepositoryConfigurationDelegate - Finished Spring Data repository scanning in 56ms. Found 1 Elasticsearch repository interfaces.
2021-11-14 16:47:20 [main] INFO  o.s.d.r.c.RepositoryConfigurationDelegate - Bootstrapping Spring Data Reactive Elasticsearch repositories in DEFAULT mode.
2021-11-14 16:47:20 [main] INFO  o.s.d.r.c.RepositoryConfigurationDelegate - Finished Spring Data repository scanning in 9ms. Found 0 Reactive Elasticsearch repository interfaces.
2021-11-14 16:47:21 [main] INFO  o.s.cloud.context.scope.GenericScope - BeanFactory id=f1446015-3ff7-3c2a-82c0-58768bc5c5b0
2021-11-14 16:47:21 [main] INFO  c.u.j.c.EnableEncryptablePropertiesBeanFactoryPostProcessor - Post-processing PropertySource instances
2021-11-14 16:47:21 [main] INFO  c.u.j.EncryptablePropertySourceConverter - Converting PropertySource bootstrapProperties-configClient [org.springframework.cloud.bootstrap.config.BootstrapPropertySource] to EncryptableEnumerablePropertySourceWrapper
2021-11-14 16:47:21 [main] INFO  c.u.j.EncryptablePropertySourceConverter - Converting PropertySource bootstrapProperties-https://github.com/ertugrulsmz/spring-cloud-config/config-client-elastic_query.yaml [org.springframework.cloud.bootstrap.config.BootstrapPropertySource] to EncryptableEnumerablePropertySourceWrapper
2021-11-14 16:47:21 [main] INFO  c.u.j.EncryptablePropertySourceConverter - Converting PropertySource bootstrapProperties-https://github.com/ertugrulsmz/spring-cloud-config/config-client.yaml [org.springframework.cloud.bootstrap.config.BootstrapPropertySource] to EncryptableEnumerablePropertySourceWrapper
2021-11-14 16:47:21 [main] INFO  c.u.j.EncryptablePropertySourceConverter - Converting PropertySource configurationProperties [org.springframework.boot.context.properties.source.ConfigurationPropertySourcesPropertySource] to AOP Proxy
2021-11-14 16:47:21 [main] INFO  c.u.j.EncryptablePropertySourceConverter - Converting PropertySource servletConfigInitParams [org.springframework.core.env.PropertySource$StubPropertySource] to EncryptablePropertySourceWrapper
2021-11-14 16:47:21 [main] INFO  c.u.j.EncryptablePropertySourceConverter - Converting PropertySource servletContextInitParams [org.springframework.core.env.PropertySource$StubPropertySource] to EncryptablePropertySourceWrapper
2021-11-14 16:47:21 [main] INFO  c.u.j.EncryptablePropertySourceConverter - Converting PropertySource systemProperties [org.springframework.core.env.PropertiesPropertySource] to EncryptableMapPropertySourceWrapper
2021-11-14 16:47:21 [main] INFO  c.u.j.EncryptablePropertySourceConverter - Converting PropertySource systemEnvironment [org.springframework.boot.env.SystemEnvironmentPropertySourceEnvironmentPostProcessor$OriginAwareSystemEnvironmentPropertySource] to EncryptableSystemEnvironmentPropertySourceWrapper
2021-11-14 16:47:21 [main] INFO  c.u.j.EncryptablePropertySourceConverter - Converting PropertySource random [org.springframework.boot.env.RandomValuePropertySource] to EncryptablePropertySourceWrapper
2021-11-14 16:47:21 [main] INFO  c.u.j.EncryptablePropertySourceConverter - Converting PropertySource springCloudClientHostInfo [org.springframework.core.env.MapPropertySource] to EncryptableMapPropertySourceWrapper
2021-11-14 16:47:21 [main] INFO  c.u.j.EncryptablePropertySourceConverter - Converting PropertySource springCloudDefaultProperties [org.springframework.core.env.MapPropertySource] to EncryptableMapPropertySourceWrapper
2021-11-14 16:47:21 [main] INFO  c.u.j.EncryptablePropertySourceConverter - Converting PropertySource cachedrandom [org.springframework.cloud.util.random.CachedRandomPropertySource] to EncryptablePropertySourceWrapper
2021-11-14 16:47:21 [main] INFO  c.u.j.f.DefaultLazyPropertyFilter - Property Filter custom Bean not found with name 'encryptablePropertyFilter'. Initializing Default Property Filter
2021-11-14 16:47:21 [main] INFO  c.u.j.r.DefaultLazyPropertyResolver - Property Resolver custom Bean not found with name 'encryptablePropertyResolver'. Initializing Default Property Resolver
2021-11-14 16:47:21 [main] INFO  c.u.j.d.DefaultLazyPropertyDetector - Property Detector custom Bean not found with name 'encryptablePropertyDetector'. Initializing Default Property Detector
2021-11-14 16:47:21 [main] INFO  o.s.b.w.e.tomcat.TomcatWebServer - Tomcat initialized with port(s): 8183 (http)
2021-11-14 16:47:21 [main] INFO  o.a.coyote.http11.Http11NioProtocol - Initializing ProtocolHandler ["http-nio-8183"]
2021-11-14 16:47:21 [main] INFO  o.a.catalina.core.StandardService - Starting service [Tomcat]
2021-11-14 16:47:21 [main] INFO  o.a.catalina.core.StandardEngine - Starting Servlet engine: [Apache Tomcat/9.0.38]
2021-11-14 16:47:21 [main] INFO  o.a.c.c.C.[.[.[/elastic-query-service] - Initializing Spring embedded WebApplicationContext
2021-11-14 16:47:21 [main] INFO  o.s.b.w.s.c.ServletWebServerApplicationContext - Root WebApplicationContext: initialization completed in 1386 ms
2021-11-14 16:47:21 [main] WARN  o.s.data.convert.CustomConversions - Registering converter from class org.springframework.data.geo.Point to interface java.util.Map as writing converter although it doesn't convert to a store-supported type! You might want to check your annotation setup at the converter implementation.
2021-11-14 16:47:21 [main] WARN  o.s.data.convert.CustomConversions - Registering converter from interface java.util.Map to class org.springframework.data.geo.Point as reading converter although it doesn't convert from a store-supported type! You might want to check your annotation setup at the converter implementation.
2021-11-14 16:47:21 [main] WARN  o.s.data.convert.CustomConversions - Registering converter from class org.springframework.data.elasticsearch.core.geo.GeoPoint to interface java.util.Map as writing converter although it doesn't convert to a store-supported type! You might want to check your annotation setup at the converter implementation.
2021-11-14 16:47:21 [main] WARN  o.s.data.convert.CustomConversions - Registering converter from interface java.util.Map to class org.springframework.data.elasticsearch.core.geo.GeoPoint as reading converter although it doesn't convert from a store-supported type! You might want to check your annotation setup at the converter implementation.
2021-11-14 16:47:21 [main] WARN  o.s.data.convert.CustomConversions - Registering converter from class org.springframework.data.geo.Point to interface java.util.Map as writing converter although it doesn't convert to a store-supported type! You might want to check your annotation setup at the converter implementation.
2021-11-14 16:47:21 [main] WARN  o.s.data.convert.CustomConversions - Registering converter from interface java.util.Map to class org.springframework.data.geo.Point as reading converter although it doesn't convert from a store-supported type! You might want to check your annotation setup at the converter implementation.
2021-11-14 16:47:21 [main] WARN  o.s.data.convert.CustomConversions - Registering converter from class org.springframework.data.elasticsearch.core.geo.GeoPoint to interface java.util.Map as writing converter although it doesn't convert to a store-supported type! You might want to check your annotation setup at the converter implementation.
2021-11-14 16:47:21 [main] WARN  o.s.data.convert.CustomConversions - Registering converter from interface java.util.Map to class org.springframework.data.elasticsearch.core.geo.GeoPoint as reading converter although it doesn't convert from a store-supported type! You might want to check your annotation setup at the converter implementation.
2021-11-14 16:47:22 [main] INFO  o.s.d.e.support.VersionInfo - Version Spring Data Elasticsearch: 4.0.4.RELEASE
2021-11-14 16:47:22 [main] INFO  o.s.d.e.support.VersionInfo - Version Elasticsearch Client in build: 7.6.2
2021-11-14 16:47:22 [main] INFO  o.s.d.e.support.VersionInfo - Version Elasticsearch Client used: 7.9.1
2021-11-14 16:47:22 [main] WARN  o.s.d.e.support.VersionInfo - Version mismatch in between Elasticsearch Clients build/use: 7.6.2 - 7.9.1
2021-11-14 16:47:22 [main] INFO  o.s.d.e.support.VersionInfo - Version Elasticsearch cluster: 7.9.1
2021-11-14 16:47:22 [main] INFO  o.s.s.web.DefaultSecurityFilterChain - Creating filter chain: Ant [pattern='/api-docs'], []
2021-11-14 16:47:22 [main] INFO  o.s.s.web.DefaultSecurityFilterChain - Creating filter chain: any request, [org.springframework.security.web.context.request.async.WebAsyncManagerIntegrationFilter@51d88c38, org.springframework.security.web.context.SecurityContextPersistenceFilter@2ac05a33, org.springframework.security.web.header.HeaderWriterFilter@369a95a5, org.springframework.security.web.authentication.logout.LogoutFilter@14b5325f, org.springframework.security.web.authentication.www.BasicAuthenticationFilter@1c31de5d, org.springframework.security.web.savedrequest.RequestCacheAwareFilter@4cef0747, org.springframework.security.web.servletapi.SecurityContextHolderAwareRequestFilter@97beeaf, org.springframework.security.web.authentication.AnonymousAuthenticationFilter@3ea2f72e, org.springframework.security.web.session.SessionManagementFilter@236b4a44, org.springframework.security.web.access.ExceptionTranslationFilter@26495639, org.springframework.security.web.access.intercept.FilterSecurityInterceptor@13cf5f8a]
2021-11-14 16:47:22 [main] WARN  o.s.data.convert.CustomConversions - Registering converter from class org.springframework.data.geo.Point to interface java.util.Map as writing converter although it doesn't convert to a store-supported type! You might want to check your annotation setup at the converter implementation.
2021-11-14 16:47:22 [main] WARN  o.s.data.convert.CustomConversions - Registering converter from interface java.util.Map to class org.springframework.data.geo.Point as reading converter although it doesn't convert from a store-supported type! You might want to check your annotation setup at the converter implementation.
2021-11-14 16:47:22 [main] WARN  o.s.data.convert.CustomConversions - Registering converter from class org.springframework.data.elasticsearch.core.geo.GeoPoint to interface java.util.Map as writing converter although it doesn't convert to a store-supported type! You might want to check your annotation setup at the converter implementation.
2021-11-14 16:47:22 [main] WARN  o.s.data.convert.CustomConversions - Registering converter from interface java.util.Map to class org.springframework.data.elasticsearch.core.geo.GeoPoint as reading converter although it doesn't convert from a store-supported type! You might want to check your annotation setup at the converter implementation.
2021-11-14 16:47:22 [main] INFO  o.s.s.c.ThreadPoolTaskExecutor - Initializing ExecutorService 'applicationTaskExecutor'
2021-11-14 16:47:23 [main] INFO  o.a.coyote.http11.Http11NioProtocol - Starting ProtocolHandler ["http-nio-8183"]
2021-11-14 16:47:23 [main] INFO  o.s.b.w.e.tomcat.TomcatWebServer - Tomcat started on port(s): 8183 (http) with context path '/elastic-query-service'
2021-11-14 16:47:24 [main] INFO  c.m.d.e.q.s.ElasticQueryServiceApplication - Started ElasticQueryServiceApplication in 8.712 seconds (JVM running for 10.128)
2021-11-14 16:52:09 [http-nio-8183-exec-1] INFO  o.a.c.c.C.[.[.[/elastic-query-service] - Initializing Spring DispatcherServlet 'dispatcherServlet'
2021-11-14 16:52:09 [http-nio-8183-exec-1] INFO  o.s.web.servlet.DispatcherServlet - Initializing Servlet 'dispatcherServlet'
2021-11-14 16:52:09 [http-nio-8183-exec-1] INFO  o.s.web.servlet.DispatcherServlet - Completed initialization in 8 ms
2021-11-14 16:52:09 [http-nio-8183-exec-1] WARN  o.a.c.util.SessionIdGeneratorBase - Creation of SecureRandom instance for session ID generation using [SHA1PRNG] took [242] milliseconds.
2021-11-14 16:52:23 [http-nio-8183-exec-3] INFO  c.m.d.e.q.u.s.i.TwitterElasticQueryClientService - Document with id 1 is retrieved successfully
2021-11-14 16:53:14 [http-nio-8183-exec-4] INFO  c.m.d.e.q.u.s.i.TwitterElasticQueryClientService - Document with id 1 is retrieved successfully
2021-11-14 16:53:19 [http-nio-8183-exec-5] INFO  c.m.d.e.q.u.s.i.TwitterElasticQueryClientService - Document with id 1 is retrieved successfully
2021-11-14 16:53:20 [http-nio-8183-exec-6] INFO  c.m.d.e.q.u.s.i.TwitterElasticQueryClientService - Document with id 1 is retrieved successfully
2021-11-14 16:53:24 [http-nio-8183-exec-7] INFO  c.m.d.e.q.u.s.i.TwitterElasticQueryClientService - Document with id 1 is retrieved successfully
2021-11-14 16:53:29 [http-nio-8183-exec-8] INFO  c.m.d.e.q.u.s.i.TwitterElasticQueryClientService - Document with id 1 is retrieved successfully
2021-11-14 16:54:32 [background-preinit] INFO  o.h.validator.internal.util.Version - HV000001: Hibernate Validator 6.1.5.Final
2021-11-14 16:54:32 [main] INFO  c.u.j.c.EnableEncryptablePropertiesBeanFactoryPostProcessor - Post-processing PropertySource instances
2021-11-14 16:54:32 [main] INFO  c.u.j.EncryptablePropertySourceConverter - Converting PropertySource configurationProperties [org.springframework.boot.context.properties.source.ConfigurationPropertySourcesPropertySource] to AOP Proxy
2021-11-14 16:54:32 [main] INFO  c.u.j.EncryptablePropertySourceConverter - Converting PropertySource bootstrap [org.springframework.core.env.MapPropertySource] to EncryptableMapPropertySourceWrapper
2021-11-14 16:54:32 [main] INFO  c.u.j.EncryptablePropertySourceConverter - Converting PropertySource systemProperties [org.springframework.core.env.PropertiesPropertySource] to EncryptableMapPropertySourceWrapper
2021-11-14 16:54:32 [main] INFO  c.u.j.EncryptablePropertySourceConverter - Converting PropertySource systemEnvironment [org.springframework.boot.env.SystemEnvironmentPropertySourceEnvironmentPostProcessor$OriginAwareSystemEnvironmentPropertySource] to EncryptableSystemEnvironmentPropertySourceWrapper
2021-11-14 16:54:32 [main] INFO  c.u.j.EncryptablePropertySourceConverter - Converting PropertySource random [org.springframework.boot.env.RandomValuePropertySource] to EncryptablePropertySourceWrapper
2021-11-14 16:54:32 [main] INFO  c.u.j.EncryptablePropertySourceConverter - Converting PropertySource springCloudClientHostInfo [org.springframework.core.env.MapPropertySource] to EncryptableMapPropertySourceWrapper
2021-11-14 16:54:32 [main] INFO  c.u.j.EncryptablePropertySourceConverter - Converting PropertySource applicationConfig: [classpath:/bootstrap.yaml] [org.springframework.boot.env.OriginTrackedMapPropertySource] to EncryptableMapPropertySourceWrapper
2021-11-14 16:54:32 [main] INFO  c.u.j.f.DefaultLazyPropertyFilter - Property Filter custom Bean not found with name 'encryptablePropertyFilter'. Initializing Default Property Filter
2021-11-14 16:54:32 [main] INFO  c.u.j.r.DefaultLazyPropertyResolver - Property Resolver custom Bean not found with name 'encryptablePropertyResolver'. Initializing Default Property Resolver
2021-11-14 16:54:32 [main] INFO  c.u.j.d.DefaultLazyPropertyDetector - Property Detector custom Bean not found with name 'encryptablePropertyDetector'. Initializing Default Property Detector
2021-11-14 16:54:32 [main] INFO  c.u.j.encryptor.DefaultLazyEncryptor - String Encryptor custom Bean not found with name 'jasyptStringEncryptor'. Initializing Default String Encryptor
2021-11-14 16:54:32 [main] INFO  c.u.j.c.StringEncryptorBuilder - Encryptor config not found for property jasypt.encryptor.algorithm, using default value: PBEWITHHMACSHA512ANDAES_256
2021-11-14 16:54:32 [main] INFO  c.u.j.c.StringEncryptorBuilder - Encryptor config not found for property jasypt.encryptor.key-obtention-iterations, using default value: 1000
2021-11-14 16:54:32 [main] INFO  c.u.j.c.StringEncryptorBuilder - Encryptor config not found for property jasypt.encryptor.pool-size, using default value: 1
2021-11-14 16:54:32 [main] INFO  c.u.j.c.StringEncryptorBuilder - Encryptor config not found for property jasypt.encryptor.provider-name, using default value: null
2021-11-14 16:54:32 [main] INFO  c.u.j.c.StringEncryptorBuilder - Encryptor config not found for property jasypt.encryptor.provider-class-name, using default value: null
2021-11-14 16:54:32 [main] INFO  c.u.j.c.StringEncryptorBuilder - Encryptor config not found for property jasypt.encryptor.salt-generator-classname, using default value: org.jasypt.salt.RandomSaltGenerator
2021-11-14 16:54:32 [main] INFO  c.u.j.c.StringEncryptorBuilder - Encryptor config not found for property jasypt.encryptor.iv-generator-classname, using default value: org.jasypt.iv.RandomIvGenerator
2021-11-14 16:54:32 [main] INFO  c.u.j.c.StringEncryptorBuilder - Encryptor config not found for property jasypt.encryptor.string-output-type, using default value: base64
2021-11-14 16:54:33 [main] INFO  o.s.c.c.c.ConfigServicePropertySourceLocator - Fetching config from server at : http://localhost:8090
2021-11-14 16:54:35 [main] INFO  o.s.c.c.c.ConfigServicePropertySourceLocator - Located environment: name=elastic-query-service,config-client, profiles=[elastic_query], label=null, version=8a9bd94f38193f90d5f30dd0dd7d1f3efd382f35, state=null
2021-11-14 16:54:35 [main] INFO  o.s.c.b.c.PropertySourceBootstrapConfiguration - Located property source: [BootstrapPropertySource {name='bootstrapProperties-configClient'}, BootstrapPropertySource {name='bootstrapProperties-https://github.com/ertugrulsmz/spring-cloud-config/config-client-elastic_query.yaml'}, BootstrapPropertySource {name='bootstrapProperties-https://github.com/ertugrulsmz/spring-cloud-config/config-client.yaml'}]
2021-11-14 16:54:35 [main] INFO  c.m.d.e.q.s.ElasticQueryServiceApplication - The following profiles are active: elastic_query
2021-11-14 16:54:35 [main] INFO  o.s.d.r.c.RepositoryConfigurationDelegate - Bootstrapping Spring Data Elasticsearch repositories in DEFAULT mode.
2021-11-14 16:54:35 [main] INFO  o.s.d.r.c.RepositoryConfigurationDelegate - Finished Spring Data repository scanning in 73ms. Found 1 Elasticsearch repository interfaces.
2021-11-14 16:54:36 [main] INFO  o.s.d.r.c.RepositoryConfigurationDelegate - Bootstrapping Spring Data Reactive Elasticsearch repositories in DEFAULT mode.
2021-11-14 16:54:36 [main] INFO  o.s.d.r.c.RepositoryConfigurationDelegate - Finished Spring Data repository scanning in 11ms. Found 0 Reactive Elasticsearch repository interfaces.
2021-11-14 16:54:36 [main] INFO  o.s.cloud.context.scope.GenericScope - BeanFactory id=f1446015-3ff7-3c2a-82c0-58768bc5c5b0
2021-11-14 16:54:36 [main] INFO  c.u.j.c.EnableEncryptablePropertiesBeanFactoryPostProcessor - Post-processing PropertySource instances
2021-11-14 16:54:36 [main] INFO  c.u.j.EncryptablePropertySourceConverter - Converting PropertySource bootstrapProperties-configClient [org.springframework.cloud.bootstrap.config.BootstrapPropertySource] to EncryptableEnumerablePropertySourceWrapper
2021-11-14 16:54:36 [main] INFO  c.u.j.EncryptablePropertySourceConverter - Converting PropertySource bootstrapProperties-https://github.com/ertugrulsmz/spring-cloud-config/config-client-elastic_query.yaml [org.springframework.cloud.bootstrap.config.BootstrapPropertySource] to EncryptableEnumerablePropertySourceWrapper
2021-11-14 16:54:36 [main] INFO  c.u.j.EncryptablePropertySourceConverter - Converting PropertySource bootstrapProperties-https://github.com/ertugrulsmz/spring-cloud-config/config-client.yaml [org.springframework.cloud.bootstrap.config.BootstrapPropertySource] to EncryptableEnumerablePropertySourceWrapper
2021-11-14 16:54:36 [main] INFO  c.u.j.EncryptablePropertySourceConverter - Converting PropertySource configurationProperties [org.springframework.boot.context.properties.source.ConfigurationPropertySourcesPropertySource] to AOP Proxy
2021-11-14 16:54:36 [main] INFO  c.u.j.EncryptablePropertySourceConverter - Converting PropertySource servletConfigInitParams [org.springframework.core.env.PropertySource$StubPropertySource] to EncryptablePropertySourceWrapper
2021-11-14 16:54:36 [main] INFO  c.u.j.EncryptablePropertySourceConverter - Converting PropertySource servletContextInitParams [org.springframework.core.env.PropertySource$StubPropertySource] to EncryptablePropertySourceWrapper
2021-11-14 16:54:36 [main] INFO  c.u.j.EncryptablePropertySourceConverter - Converting PropertySource systemProperties [org.springframework.core.env.PropertiesPropertySource] to EncryptableMapPropertySourceWrapper
2021-11-14 16:54:36 [main] INFO  c.u.j.EncryptablePropertySourceConverter - Converting PropertySource systemEnvironment [org.springframework.boot.env.SystemEnvironmentPropertySourceEnvironmentPostProcessor$OriginAwareSystemEnvironmentPropertySource] to EncryptableSystemEnvironmentPropertySourceWrapper
2021-11-14 16:54:36 [main] INFO  c.u.j.EncryptablePropertySourceConverter - Converting PropertySource random [org.springframework.boot.env.RandomValuePropertySource] to EncryptablePropertySourceWrapper
2021-11-14 16:54:36 [main] INFO  c.u.j.EncryptablePropertySourceConverter - Converting PropertySource springCloudClientHostInfo [org.springframework.core.env.MapPropertySource] to EncryptableMapPropertySourceWrapper
2021-11-14 16:54:36 [main] INFO  c.u.j.EncryptablePropertySourceConverter - Converting PropertySource springCloudDefaultProperties [org.springframework.core.env.MapPropertySource] to EncryptableMapPropertySourceWrapper
2021-11-14 16:54:36 [main] INFO  c.u.j.EncryptablePropertySourceConverter - Converting PropertySource cachedrandom [org.springframework.cloud.util.random.CachedRandomPropertySource] to EncryptablePropertySourceWrapper
2021-11-14 16:54:36 [main] INFO  c.u.j.f.DefaultLazyPropertyFilter - Property Filter custom Bean not found with name 'encryptablePropertyFilter'. Initializing Default Property Filter
2021-11-14 16:54:36 [main] INFO  c.u.j.r.DefaultLazyPropertyResolver - Property Resolver custom Bean not found with name 'encryptablePropertyResolver'. Initializing Default Property Resolver
2021-11-14 16:54:36 [main] INFO  c.u.j.d.DefaultLazyPropertyDetector - Property Detector custom Bean not found with name 'encryptablePropertyDetector'. Initializing Default Property Detector
2021-11-14 16:54:36 [main] INFO  o.s.b.w.e.tomcat.TomcatWebServer - Tomcat initialized with port(s): 8183 (http)
2021-11-14 16:54:36 [main] INFO  o.a.coyote.http11.Http11NioProtocol - Initializing ProtocolHandler ["http-nio-8183"]
2021-11-14 16:54:36 [main] INFO  o.a.catalina.core.StandardService - Starting service [Tomcat]
2021-11-14 16:54:36 [main] INFO  o.a.catalina.core.StandardEngine - Starting Servlet engine: [Apache Tomcat/9.0.38]
2021-11-14 16:54:37 [main] INFO  o.a.c.c.C.[.[.[/elastic-query-service] - Initializing Spring embedded WebApplicationContext
2021-11-14 16:54:37 [main] INFO  o.s.b.w.s.c.ServletWebServerApplicationContext - Root WebApplicationContext: initialization completed in 1771 ms
2021-11-14 16:54:37 [main] WARN  o.s.data.convert.CustomConversions - Registering converter from class org.springframework.data.geo.Point to interface java.util.Map as writing converter although it doesn't convert to a store-supported type! You might want to check your annotation setup at the converter implementation.
2021-11-14 16:54:37 [main] WARN  o.s.data.convert.CustomConversions - Registering converter from interface java.util.Map to class org.springframework.data.geo.Point as reading converter although it doesn't convert from a store-supported type! You might want to check your annotation setup at the converter implementation.
2021-11-14 16:54:37 [main] WARN  o.s.data.convert.CustomConversions - Registering converter from class org.springframework.data.elasticsearch.core.geo.GeoPoint to interface java.util.Map as writing converter although it doesn't convert to a store-supported type! You might want to check your annotation setup at the converter implementation.
2021-11-14 16:54:37 [main] WARN  o.s.data.convert.CustomConversions - Registering converter from interface java.util.Map to class org.springframework.data.elasticsearch.core.geo.GeoPoint as reading converter although it doesn't convert from a store-supported type! You might want to check your annotation setup at the converter implementation.
2021-11-14 16:54:37 [main] WARN  o.s.data.convert.CustomConversions - Registering converter from class org.springframework.data.geo.Point to interface java.util.Map as writing converter although it doesn't convert to a store-supported type! You might want to check your annotation setup at the converter implementation.
2021-11-14 16:54:37 [main] WARN  o.s.data.convert.CustomConversions - Registering converter from interface java.util.Map to class org.springframework.data.geo.Point as reading converter although it doesn't convert from a store-supported type! You might want to check your annotation setup at the converter implementation.
2021-11-14 16:54:37 [main] WARN  o.s.data.convert.CustomConversions - Registering converter from class org.springframework.data.elasticsearch.core.geo.GeoPoint to interface java.util.Map as writing converter although it doesn't convert to a store-supported type! You might want to check your annotation setup at the converter implementation.
2021-11-14 16:54:37 [main] WARN  o.s.data.convert.CustomConversions - Registering converter from interface java.util.Map to class org.springframework.data.elasticsearch.core.geo.GeoPoint as reading converter although it doesn't convert from a store-supported type! You might want to check your annotation setup at the converter implementation.
2021-11-14 16:54:37 [main] INFO  o.s.d.e.support.VersionInfo - Version Spring Data Elasticsearch: 4.0.4.RELEASE
2021-11-14 16:54:37 [main] INFO  o.s.d.e.support.VersionInfo - Version Elasticsearch Client in build: 7.6.2
2021-11-14 16:54:37 [main] INFO  o.s.d.e.support.VersionInfo - Version Elasticsearch Client used: 7.9.1
2021-11-14 16:54:37 [main] WARN  o.s.d.e.support.VersionInfo - Version mismatch in between Elasticsearch Clients build/use: 7.6.2 - 7.9.1
2021-11-14 16:54:37 [main] INFO  o.s.d.e.support.VersionInfo - Version Elasticsearch cluster: 7.9.1
2021-11-14 16:54:38 [main] INFO  o.s.s.web.DefaultSecurityFilterChain - Creating filter chain: Ant [pattern='/api-docs'], []
2021-11-14 16:54:38 [main] INFO  o.s.s.web.DefaultSecurityFilterChain - Creating filter chain: any request, [org.springframework.security.web.context.request.async.WebAsyncManagerIntegrationFilter@319b1c77, org.springframework.security.web.context.SecurityContextPersistenceFilter@236b4a44, org.springframework.security.web.header.HeaderWriterFilter@26495639, org.springframework.security.web.authentication.logout.LogoutFilter@41f7c02d, org.springframework.security.web.authentication.www.BasicAuthenticationFilter@6adcf059, org.springframework.security.web.savedrequest.RequestCacheAwareFilter@2ac05a33, org.springframework.security.web.servletapi.SecurityContextHolderAwareRequestFilter@4c13ca07, org.springframework.security.web.authentication.AnonymousAuthenticationFilter@584136c1, org.springframework.security.web.session.SessionManagementFilter@54496c2d, org.springframework.security.web.access.ExceptionTranslationFilter@3ea9a091, org.springframework.security.web.access.intercept.FilterSecurityInterceptor@4fa8297b]
2021-11-14 16:54:38 [main] WARN  o.s.data.convert.CustomConversions - Registering converter from class org.springframework.data.geo.Point to interface java.util.Map as writing converter although it doesn't convert to a store-supported type! You might want to check your annotation setup at the converter implementation.
2021-11-14 16:54:38 [main] WARN  o.s.data.convert.CustomConversions - Registering converter from interface java.util.Map to class org.springframework.data.geo.Point as reading converter although it doesn't convert from a store-supported type! You might want to check your annotation setup at the converter implementation.
2021-11-14 16:54:38 [main] WARN  o.s.data.convert.CustomConversions - Registering converter from class org.springframework.data.elasticsearch.core.geo.GeoPoint to interface java.util.Map as writing converter although it doesn't convert to a store-supported type! You might want to check your annotation setup at the converter implementation.
2021-11-14 16:54:38 [main] WARN  o.s.data.convert.CustomConversions - Registering converter from interface java.util.Map to class org.springframework.data.elasticsearch.core.geo.GeoPoint as reading converter although it doesn't convert from a store-supported type! You might want to check your annotation setup at the converter implementation.
2021-11-14 16:54:38 [main] INFO  o.s.s.c.ThreadPoolTaskExecutor - Initializing ExecutorService 'applicationTaskExecutor'
2021-11-14 16:54:39 [main] INFO  o.a.coyote.http11.Http11NioProtocol - Starting ProtocolHandler ["http-nio-8183"]
2021-11-14 16:54:39 [main] INFO  o.s.b.w.e.tomcat.TomcatWebServer - Tomcat started on port(s): 8183 (http) with context path '/elastic-query-service'
2021-11-14 16:54:40 [main] INFO  c.m.d.e.q.s.ElasticQueryServiceApplication - Started ElasticQueryServiceApplication in 8.882 seconds (JVM running for 10.471)
2021-11-14 16:56:08 [http-nio-8183-exec-1] INFO  o.a.c.c.C.[.[.[/elastic-query-service] - Initializing Spring DispatcherServlet 'dispatcherServlet'
2021-11-14 16:56:08 [http-nio-8183-exec-1] INFO  o.s.web.servlet.DispatcherServlet - Initializing Servlet 'dispatcherServlet'
2021-11-14 16:56:08 [http-nio-8183-exec-1] INFO  o.s.web.servlet.DispatcherServlet - Completed initialization in 10 ms
2021-11-14 16:56:09 [http-nio-8183-exec-1] WARN  o.a.c.util.SessionIdGeneratorBase - Creation of SecureRandom instance for session ID generation using [SHA1PRNG] took [314] milliseconds.
2021-11-14 16:56:15 [http-nio-8183-exec-2] INFO  c.m.d.e.q.u.s.i.TwitterElasticQueryClientService - Document with id 1 is retrieved successfully
2021-11-14 17:05:09 [http-nio-8183-exec-4] INFO  c.m.d.e.q.u.s.i.TwitterElasticQueryClientService - 1 of Documents with text [test] is retrieved successfully
2021-11-14 17:05:09 [http-nio-8183-exec-4] INFO  c.m.d.e.q.s.a.ElasticDocumentController - Elasticsearch returned 1 of documents
2021-11-14 17:08:15 [http-nio-8183-exec-8] INFO  c.m.d.e.q.u.s.i.TwitterElasticQueryClientService - 13 of documents are retrieved successfully
2021-11-14 17:08:15 [http-nio-8183-exec-8] INFO  c.m.d.e.q.s.a.ElasticDocumentController - Elasticsearch returned 13 of documents
2021-11-14 17:08:32 [http-nio-8183-exec-9] INFO  c.m.d.e.q.u.s.i.TwitterElasticQueryClientService - 4 of Documents with text [kafka] is retrieved successfully
2021-11-14 17:08:32 [http-nio-8183-exec-9] INFO  c.m.d.e.q.s.a.ElasticDocumentController - Elasticsearch returned 4 of documents
