#
# There is insufficient memory for the Java Runtime Environment to continue.
# Native memory allocation (mmap) failed to map 268435456 bytes for Failed to commit area from 0x0000000701e00000 to 0x0000000711e00000 of length 268435456.
# Possible reasons:
#   The system is out of physical RAM or swap space
#   The process is running with CompressedOops enabled, and the Java Heap may be blocking the growth of the native heap
# Possible solutions:
#   Reduce memory load on the system
#   Increase physical memory or swap space
#   Check if swap backing store is full
#   Decrease Java heap size (-Xmx/-Xms)
#   Decrease number of Java threads
#   Decrease Java thread stack sizes (-Xss)
#   Set larger code cache with -XX:ReservedCodeCacheSize=
# This output file may be truncated or incomplete.
#
#  Out of Memory Error (./open/src/hotspot/os/windows/os_windows.cpp:3273), pid=10744, tid=14380
#
# JRE version:  (11.0.11+9) (build )
# Java VM: Java HotSpot(TM) 64-Bit Server VM (11.0.11+9-LTS-194, mixed mode, sharing, tiered, compressed oops, g1 gc, windows-amd64)
# No core dump will be written. Minidumps are not enabled by default on client versions of Windows
#

---------------  S U M M A R Y ------------

Command Line: -XX:TieredStopAtLevel=1 -Xverify:none -Dspring.output.ansi.enabled=always -javaagent:E:\intellijidea\IntelliJ IDEA 2020.3.1\lib\idea_rt.jar=65070:E:\intellijidea\IntelliJ IDEA 2020.3.1\bin -Dcom.sun.management.jmxremote -Dspring.jmx.enabled=true -Dspring.liveBeansView.mbeanDomain -Dspring.application.admin.enabled=true -Dfile.encoding=UTF-8 com.microservices.demo.elastic.query.service.ElasticQueryServiceApplication

Host: Intel(R) Core(TM) i7-7700HQ CPU @ 2.80GHz, 8 cores, 15G,  Windows 10 , 64 bit Build 19041 (10.0.19041.1202)
Time: Sun Nov 14 15:37:42 2021 Turkey Standard Time elapsed time: 0.035497 seconds (0d 0h 0m 0s)

---------------  T H R E A D  ---------------

Current thread (0x0000029591068000):  JavaThread "Unknown thread" [_thread_in_vm, id=14380, stack(0x000000a033100000,0x000000a033200000)]

Stack: [0x000000a033100000,0x000000a033200000]
Native frames: (J=compiled Java code, j=interpreted, Vv=VM code, C=native code)
V  [jvm.dll+0x616f2a]
V  [jvm.dll+0x74de7f]
V  [jvm.dll+0x74f505]
V  [jvm.dll+0x74fb83]
V  [jvm.dll+0x2436d8]
V  [jvm.dll+0x61431a]
V  [jvm.dll+0x6090f5]
V  [jvm.dll+0x2f7eec]
V  [jvm.dll+0x2f7d72]
V  [jvm.dll+0x2fca26]
V  [jvm.dll+0x33efef]
V  [jvm.dll+0x33ea20]
V  [jvm.dll+0x2d5608]
V  [jvm.dll+0x2d6766]
V  [jvm.dll+0x7299e7]
V  [jvm.dll+0x72b28f]
V  [jvm.dll+0x34bd39]
V  [jvm.dll+0x70f360]
V  [jvm.dll+0x3b50df]
V  [jvm.dll+0x3b71e1]
C  [jli.dll+0x520b]
C  [ucrtbase.dll+0x21bb2]
C  [KERNEL32.DLL+0x17034]
C  [ntdll.dll+0x52651]


---------------  P R O C E S S  ---------------

Threads class SMR info:
_java_thread_list=0x0000029590efb7c0, length=0, elements={
}

Java Threads: ( => current thread )

Other Threads:
  0x000002959107d000 GCTaskThread "GC Thread#0" [stack: 0x000000a033200000,0x000000a033300000] [id=8900]
  0x0000029590fcc000 ConcurrentGCThread "G1 Main Marker" [stack: 0x000000a033300000,0x000000a033400000] [id=11468]
  0x0000029590fcd000 ConcurrentGCThread "G1 Conc#0" [stack: 0x000000a033400000,0x000000a033500000] [id=9224]

[error occurred during error reporting (printing all threads), id 0xc0000005, EXCEPTION_ACCESS_VIOLATION (0xc0000005) at pc=0x00007fff46df4857]

VM state:not at safepoint (not fully initialized)

VM Mutex/Monitor currently owned by a thread:  ([mutex/lock_event])
[0x0000029591064c30] Heap_lock - owner thread: 0x0000029591068000

Heap address: 0x0000000701e00000, size: 4066 MB, Compressed Oops mode: Non-zero based: 0x0000000701e00000
Narrow klass base: 0x0000000000000000, Narrow klass shift: 0

GC Heap History (0 events):
No events

Deoptimization events (0 events):
No events

Classes redefined (0 events):
No events

Internal exceptions (0 events):
No events

Events (0 events):
No events


Dynamic libraries:
0x00007ff6e37c0000 - 0x00007ff6e37cf000 	C:\Program Files\Java\jdk-11.0.11\bin\java.exe
0x00007fff8e530000 - 0x00007fff8e725000 	C:\WINDOWS\SYSTEM32\ntdll.dll
0x00007fff8d550000 - 0x00007fff8d60e000 	C:\WINDOWS\System32\KERNEL32.DLL
0x00007fff8c080000 - 0x00007fff8c349000 	C:\WINDOWS\System32\KERNELBASE.dll
0x00007fff8bd90000 - 0x00007fff8be90000 	C:\WINDOWS\System32\ucrtbase.dll
0x00007fff708a0000 - 0x00007fff708b5000 	C:\Program Files\Java\jdk-11.0.11\bin\VCRUNTIME140.dll
0x00007fff801a0000 - 0x00007fff801b8000 	C:\Program Files\Java\jdk-11.0.11\bin\jli.dll
0x00007fff8cb40000 - 0x00007fff8cbec000 	C:\WINDOWS\System32\ADVAPI32.dll
0x00007fff8c580000 - 0x00007fff8c61e000 	C:\WINDOWS\System32\msvcrt.dll
0x00007fff8d360000 - 0x00007fff8d3fb000 	C:\WINDOWS\System32\sechost.dll
0x00007fff8d150000 - 0x00007fff8d27a000 	C:\WINDOWS\System32\RPCRT4.dll
0x00007fff8c930000 - 0x00007fff8cad1000 	C:\WINDOWS\System32\USER32.dll
0x00007fff8bd60000 - 0x00007fff8bd82000 	C:\WINDOWS\System32\win32u.dll
0x00007fff8e070000 - 0x00007fff8e09b000 	C:\WINDOWS\System32\GDI32.dll
0x00007fff8bf70000 - 0x00007fff8c07b000 	C:\WINDOWS\System32\gdi32full.dll
0x00007fff8c380000 - 0x00007fff8c41d000 	C:\WINDOWS\System32\msvcp_win.dll
0x00007fff7f8d0000 - 0x00007fff7fb6a000 	C:\WINDOWS\WinSxS\amd64_microsoft.windows.common-controls_6595b64144ccf1df_6.0.19041.1110_none_60b5254171f9507e\COMCTL32.dll
0x00007fff852b0000 - 0x00007fff852ba000 	C:\WINDOWS\SYSTEM32\VERSION.dll
0x00007fff8c900000 - 0x00007fff8c930000 	C:\WINDOWS\System32\IMM32.DLL
0x00007fff70800000 - 0x00007fff7089b000 	C:\Program Files\Java\jdk-11.0.11\bin\msvcp140.dll
0x00007fff46b10000 - 0x00007fff4760e000 	C:\Program Files\Java\jdk-11.0.11\bin\server\jvm.dll
0x00007fff8d350000 - 0x00007fff8d358000 	C:\WINDOWS\System32\PSAPI.DLL
0x00007fff68f90000 - 0x00007fff68f99000 	C:\WINDOWS\SYSTEM32\WSOCK32.dll
0x00007fff8dfa0000 - 0x00007fff8e00b000 	C:\WINDOWS\System32\WS2_32.dll
0x00007fff7e3f0000 - 0x00007fff7e417000 	C:\WINDOWS\SYSTEM32\WINMM.dll
0x00007fff89a10000 - 0x00007fff89a22000 	C:\WINDOWS\SYSTEM32\kernel.appcore.dll
0x00007fff84ed0000 - 0x00007fff84ee0000 	C:\Program Files\Java\jdk-11.0.11\bin\verify.dll
0x00007fff7e5d0000 - 0x00007fff7e7b4000 	C:\WINDOWS\SYSTEM32\DBGHELP.DLL
0x00007fff7e420000 - 0x00007fff7e44c000 	C:\WINDOWS\SYSTEM32\dbgcore.DLL
0x00007fff8bee0000 - 0x00007fff8bf63000 	C:\WINDOWS\System32\bcryptPrimitives.dll
0x00007fff707d0000 - 0x00007fff707f8000 	C:\Program Files\Java\jdk-11.0.11\bin\java.dll
0x00007fff84e70000 - 0x00007fff84e7a000 	C:\Program Files\Java\jdk-11.0.11\bin\jimage.dll
0x00007fff847f0000 - 0x00007fff847fe000 	C:\Program Files\Java\jdk-11.0.11\bin\instrument.dll
0x00007fff707b0000 - 0x00007fff707c6000 	C:\Program Files\Java\jdk-11.0.11\bin\zip.dll

dbghelp: loaded successfully - version: 4.0.5 - missing functions: none
symbol engine: initialized successfully - sym options: 0x614 - pdb path: .;C:\Program Files\Java\jdk-11.0.11\bin;C:\WINDOWS\SYSTEM32;C:\WINDOWS\WinSxS\amd64_microsoft.windows.common-controls_6595b64144ccf1df_6.0.19041.1110_none_60b5254171f9507e;C:\Program Files\Java\jdk-11.0.11\bin\server

VM Arguments:
jvm_args: -XX:TieredStopAtLevel=1 -Xverify:none -Dspring.output.ansi.enabled=always -javaagent:E:\intellijidea\IntelliJ IDEA 2020.3.1\lib\idea_rt.jar=65070:E:\intellijidea\IntelliJ IDEA 2020.3.1\bin -Dcom.sun.management.jmxremote -Dspring.jmx.enabled=true -Dspring.liveBeansView.mbeanDomain -Dspring.application.admin.enabled=true -Dfile.encoding=UTF-8 
java_command: com.microservices.demo.elastic.query.service.ElasticQueryServiceApplication
java_class_path (initial): C:\Users\ertug\Desktop\udemy\elastic-query-service\target\classes;C:\Users\ertug\Desktop\udemy\app-config-data\target\classes;C:\Users\ertug\.m2\repository\org\springframework\boot\spring-boot\2.3.4.RELEASE\spring-boot-2.3.4.RELEASE.jar;C:\Users\ertug\.m2\repository\org\springframework\spring-context\5.2.9.RELEASE\spring-context-5.2.9.RELEASE.jar;C:\Users\ertug\Desktop\udemy\elastic\elastic-config\target\classes;C:\Users\ertug\.m2\repository\org\springframework\boot\spring-boot-starter-data-elasticsearch\2.3.4.RELEASE\spring-boot-starter-data-elasticsearch-2.3.4.RELEASE.jar;C:\Users\ertug\.m2\repository\org\springframework\data\spring-data-elasticsearch\4.0.4.RELEASE\spring-data-elasticsearch-4.0.4.RELEASE.jar;C:\Users\ertug\.m2\repository\org\springframework\spring-tx\5.2.9.RELEASE\spring-tx-5.2.9.RELEASE.jar;C:\Users\ertug\.m2\repository\org\springframework\data\spring-data-commons\2.3.4.RELEASE\spring-data-commons-2.3.4.RELEASE.jar;C:\Users\ertug\.m2\repository\org\elasticsearch\plugin\transport-netty4-client\7.9.1\transport-netty4-client-7.9.1.jar;C:\Users\ertug\.m2\repository\io\netty\netty-buffer\4.1.52.Final\netty-buffer-4.1.52.Final.jar;C:\Users\ertug\.m2\repository\io\netty\netty-codec\4.1.52.Final\netty-codec-4.1.52.Final.jar;C:\Users\ertug\.m2\repository\io\netty\netty-codec-http\4.1.52.Final\netty-codec-http-4.1.52.Final.jar;C:\Users\ertug\.m2\repository\io\netty\netty-common\4.1.52.Final\netty-common-4.1.52.Final.jar;C:\Users\ertug\.m2\repository\io\netty\netty-handler\4.1.52.Final\netty-handler-4.1.52.Final.jar;C:\Users\ertug\.m2\repository\io\netty\netty-resolver\4.1.52.Final\netty-resolver-4.1.52.Final.jar;C:\Users\ertug\.m2\repository\io\netty\netty-transport\4.1.52.Final\netty-transport-4.1.52.Final.jar;C:\Users\ertug\.m2\repository\org\springframework\spring-web\5.2.9.RELEASE\spring-web-5.2.9.RELEASE.jar;C:\Users\ertug\.m2\repository\org\springframework\spring-beans\5.2.9.RELEASE\spring-beans-5.2.9.RELEASE.jar;C:\Users
Launcher Type: SUN_STANDARD

[Global flags]
     bool BytecodeVerificationLocal                = false                                     {product} {command line}
     bool BytecodeVerificationRemote               = false                                     {product} {command line}
     intx CICompilerCount                          = 4                                         {product} {ergonomic}
     uint ConcGCThreads                            = 2                                         {product} {ergonomic}
     uint G1ConcRefinementThreads                  = 8                                         {product} {ergonomic}
   size_t G1HeapRegionSize                         = 1048576                                   {product} {ergonomic}
    uintx GCDrainStackTargetSize                   = 64                                        {product} {ergonomic}
   size_t InitialHeapSize                          = 268435456                                 {product} {ergonomic}
     bool ManagementServer                         = true                                      {product} {command line}
   size_t MarkStackSize                            = 4194304                                   {product} {ergonomic}
   size_t MaxHeapSize                              = 4263510016                                {product} {ergonomic}
   size_t MinHeapDeltaBytes                        = 1048576                                   {product} {ergonomic}
    uintx NonNMethodCodeHeapSize                   = 7549744                                {pd product} {ergonomic}
    uintx NonProfiledCodeHeapSize                  = 244108496                              {pd product} {ergonomic}
    uintx ProfiledCodeHeapSize                     = 0                                      {pd product} {ergonomic}
    uintx ReservedCodeCacheSize                    = 251658240                              {pd product} {ergonomic}
     bool SegmentedCodeCache                       = true                                      {product} {ergonomic}
     intx TieredStopAtLevel                        = 1                                         {product} {command line}
     bool UseCompressedClassPointers               = true                                 {lp64_product} {ergonomic}
     bool UseCompressedOops                        = true                                 {lp64_product} {ergonomic}
     bool UseG1GC                                  = true                                      {product} {ergonomic}
     bool UseLargePagesIndividualAllocation        = false                                  {pd product} {ergonomic}

Logging:
Log output configuration:
 #0: stdout all=warning uptime,level,tags
 #1: stderr all=off uptime,level,tags

Environment Variables:
JAVA_HOME=C:\Program Files\Java\jdk-11.0.11
PATH=C:\Program Files\Common Files\Oracle\Java\javapath;C:\Program Files\NVIDIA GPU Computing Toolkit\CUDA\v10.0\bin;C:\Program Files\NVIDIA GPU Computing Toolkit\CUDA\v10.0\libnvvp;C:\Program Files (x86)\Common Files\Oracle\Java\javapath;C:\Windows\system32;C:\Windows;C:\Windows\System32\Wbem;C:\Windows\System32\WindowsPowerShell\v1.0\;C:\Program Files (x86)\NVIDIA Corporation\PhysX\Common;C:\Program Files\NVIDIA Corporation\NVIDIA NvDLISR;C:\WINDOWS\system32;C:\WINDOWS;C:\WINDOWS\System32\Wbem;C:\WINDOWS\System32\WindowsPowerShell\v1.0\;C:\WINDOWS\System32\OpenSSH\;C:\Program Files\dotnet\;C:\Program Files\Microsoft SQL Server\130\Tools\Binn\;C:\Users\ertug\.dnx\bin;C:\Program Files\Microsoft DNX\Dnvm\;C:\Program Files\Microsoft SQL Server\Client SDK\ODBC\130\Tools\Binn\;C:\Program Files (x86)\Microsoft SQL Server\140\Tools\Binn\;C:\Program Files\Microsoft SQL Server\140\Tools\Binn\;C:\Program Files\Microsoft SQL Server\140\DTS\Binn\;C:\Users\ertug\Desktop\apache-maven-3.6.3\bin;$JAVA_HOME\bin;C:\Program Files\Microsoft SQL Server\Client SDK\ODBC\170\Tools\Binn\;E:\nodejs\;C:\Program Files\PuTTY\;C:\ProgramData\chocolatey\bin;C:\Program Files\7-Zip;C:\Program Files\Docker\Docker\resources\bin;C:\ProgramData\DockerDesktop\version-bin;C:\Program Files\apache-maven-3.8.1\bin;E:\postgres\bin\psql.exe;E:\git\Git\cmd;C:\Users\ertug\AppData\Local\Microsoft\WindowsApps;C:\Program Files (x86)\SSH Communications Security\SSH Secure Shell;F:\Visual Studio Code\Microsoft VS Code\bin;C:\Program Files\Java\jdk-11.0.11\bin;C:\spark\bin;C:\zookeeper\bin;C:\kafka\bin\windows;C:\Users\ertug\AppData\Local\Microsoft\WindowsApps;C:\Users\ertug\.dotnet\tools;C:\Users\ertug\AppData\Roaming\npm;E:\herokuforplacementfor\heroku\bin;E:\anaconda;E:\anaconda\Scripts;C:\Users\ertug\AppData\Roaming\cabal\bin;C:\tools\ghc-9.0.1\bin;C:\tools\msys64;C:\kubectl;C:\Program Files\7-Zip;E:\postgres\bin\psql.exe;
USERNAME=ertug
OS=Windows_NT
PROCESSOR_IDENTIFIER=Intel64 Family 6 Model 158 Stepping 9, GenuineIntel



---------------  S Y S T E M  ---------------

OS: Windows 10 , 64 bit Build 19041 (10.0.19041.1202)
Hyper-V role detected

CPU:total 8 (initial active 8) (4 cores per cpu, 2 threads per core) family 6 model 158 stepping 9 microcode 0xb4, cmov, cx8, fxsr, mmx, sse, sse2, sse3, ssse3, sse4.1, sse4.2, popcnt, avx, avx2, aes, clmul, erms, 3dnowpref, lzcnt, ht, tsc, tscinvbit, bmi1, bmi2, adx, fma

Memory: 4k page, system-wide physical 16259M (3358M free)
TotalPageFile size 17251M (AvailPageFile size 127M)
current process WorkingSet (physical memory assigned to process): 10M, peak: 10M
current process commit charge ("private bytes"): 58M, peak: 314M

vm_info: Java HotSpot(TM) 64-Bit Server VM (11.0.11+9-LTS-194) for windows-amd64 JRE (11.0.11+9-LTS-194), built on Mar 18 2021 18:46:53 by "mach5one" with MS VC++ 15.9 (VS2017)

END.
