2021-11-07 16:33:57 [background-preinit] INFO  o.h.validator.internal.util.Version - HV000001: Hibernate Validator 6.1.5.Final
2021-11-07 16:33:58 [main] INFO  c.u.j.c.EnableEncryptablePropertiesBeanFactoryPostProcessor - Post-processing PropertySource instances
2021-11-07 16:33:58 [main] INFO  c.u.j.EncryptablePropertySourceConverter - Converting PropertySource configurationProperties [org.springframework.boot.context.properties.source.ConfigurationPropertySourcesPropertySource] to AOP Proxy
2021-11-07 16:33:58 [main] INFO  c.u.j.EncryptablePropertySourceConverter - Converting PropertySource bootstrap [org.springframework.core.env.MapPropertySource] to EncryptableMapPropertySourceWrapper
2021-11-07 16:33:58 [main] INFO  c.u.j.EncryptablePropertySourceConverter - Converting PropertySource systemProperties [org.springframework.core.env.PropertiesPropertySource] to EncryptableMapPropertySourceWrapper
2021-11-07 16:33:58 [main] INFO  c.u.j.EncryptablePropertySourceConverter - Converting PropertySource systemEnvironment [org.springframework.boot.env.SystemEnvironmentPropertySourceEnvironmentPostProcessor$OriginAwareSystemEnvironmentPropertySource] to EncryptableSystemEnvironmentPropertySourceWrapper
2021-11-07 16:33:58 [main] INFO  c.u.j.EncryptablePropertySourceConverter - Converting PropertySource random [org.springframework.boot.env.RandomValuePropertySource] to EncryptablePropertySourceWrapper
2021-11-07 16:33:58 [main] INFO  c.u.j.EncryptablePropertySourceConverter - Converting PropertySource springCloudClientHostInfo [org.springframework.core.env.MapPropertySource] to EncryptableMapPropertySourceWrapper
2021-11-07 16:33:58 [main] INFO  c.u.j.EncryptablePropertySourceConverter - Converting PropertySource applicationConfig: [classpath:/bootstrap.yaml] [org.springframework.boot.env.OriginTrackedMapPropertySource] to EncryptableMapPropertySourceWrapper
2021-11-07 16:33:58 [main] INFO  c.u.j.f.DefaultLazyPropertyFilter - Property Filter custom Bean not found with name 'encryptablePropertyFilter'. Initializing Default Property Filter
2021-11-07 16:33:58 [main] INFO  c.u.j.r.DefaultLazyPropertyResolver - Property Resolver custom Bean not found with name 'encryptablePropertyResolver'. Initializing Default Property Resolver
2021-11-07 16:33:58 [main] INFO  c.u.j.d.DefaultLazyPropertyDetector - Property Detector custom Bean not found with name 'encryptablePropertyDetector'. Initializing Default Property Detector
2021-11-07 16:33:58 [main] INFO  c.u.j.encryptor.DefaultLazyEncryptor - String Encryptor custom Bean not found with name 'jasyptStringEncryptor'. Initializing Default String Encryptor
2021-11-07 16:33:58 [main] INFO  c.u.j.c.StringEncryptorBuilder - Encryptor config not found for property jasypt.encryptor.algorithm, using default value: PBEWITHHMACSHA512ANDAES_256
2021-11-07 16:33:58 [main] INFO  c.u.j.c.StringEncryptorBuilder - Encryptor config not found for property jasypt.encryptor.key-obtention-iterations, using default value: 1000
2021-11-07 16:33:58 [main] INFO  c.u.j.c.StringEncryptorBuilder - Encryptor config not found for property jasypt.encryptor.pool-size, using default value: 1
2021-11-07 16:33:58 [main] INFO  c.u.j.c.StringEncryptorBuilder - Encryptor config not found for property jasypt.encryptor.provider-name, using default value: null
2021-11-07 16:33:58 [main] INFO  c.u.j.c.StringEncryptorBuilder - Encryptor config not found for property jasypt.encryptor.provider-class-name, using default value: null
2021-11-07 16:33:58 [main] INFO  c.u.j.c.StringEncryptorBuilder - Encryptor config not found for property jasypt.encryptor.salt-generator-classname, using default value: org.jasypt.salt.RandomSaltGenerator
2021-11-07 16:33:58 [main] INFO  c.u.j.c.StringEncryptorBuilder - Encryptor config not found for property jasypt.encryptor.iv-generator-classname, using default value: org.jasypt.iv.RandomIvGenerator
2021-11-07 16:33:58 [main] INFO  c.u.j.c.StringEncryptorBuilder - Encryptor config not found for property jasypt.encryptor.string-output-type, using default value: base64
2021-11-07 16:33:59 [main] INFO  o.s.c.c.c.ConfigServicePropertySourceLocator - Fetching config from server at : http://localhost:8090
2021-11-07 16:34:01 [main] INFO  o.s.c.c.c.ConfigServicePropertySourceLocator - Located environment: name=elastic-query-service,config-client, profiles=[elastic_query], label=null, version=8d21ca9e161ebd7e1cf18050b535dc22be8c3af6, state=null
2021-11-07 16:34:01 [main] INFO  o.s.c.b.c.PropertySourceBootstrapConfiguration - Located property source: [BootstrapPropertySource {name='bootstrapProperties-configClient'}, BootstrapPropertySource {name='bootstrapProperties-https://github.com/ertugrulsmz/spring-cloud-config/config-client-elastic_query.yaml'}, BootstrapPropertySource {name='bootstrapProperties-https://github.com/ertugrulsmz/spring-cloud-config/config-client.yaml'}]
2021-11-07 16:34:01 [main] INFO  c.m.d.e.q.s.ElasticQueryServiceApplication - The following profiles are active: elastic_query
2021-11-07 16:34:02 [main] INFO  o.s.d.r.c.RepositoryConfigurationDelegate - Bootstrapping Spring Data Elasticsearch repositories in DEFAULT mode.
2021-11-07 16:34:02 [main] INFO  o.s.d.r.c.RepositoryConfigurationDelegate - Finished Spring Data repository scanning in 82ms. Found 1 Elasticsearch repository interfaces.
2021-11-07 16:34:02 [main] INFO  o.s.d.r.c.RepositoryConfigurationDelegate - Bootstrapping Spring Data Reactive Elasticsearch repositories in DEFAULT mode.
2021-11-07 16:34:02 [main] INFO  o.s.d.r.c.RepositoryConfigurationDelegate - Finished Spring Data repository scanning in 13ms. Found 0 Reactive Elasticsearch repository interfaces.
2021-11-07 16:34:02 [main] INFO  o.s.cloud.context.scope.GenericScope - BeanFactory id=079face2-c8d6-3a49-99ca-eb97e8aa90b4
2021-11-07 16:34:02 [main] INFO  c.u.j.c.EnableEncryptablePropertiesBeanFactoryPostProcessor - Post-processing PropertySource instances
2021-11-07 16:34:02 [main] INFO  c.u.j.EncryptablePropertySourceConverter - Converting PropertySource bootstrapProperties-configClient [org.springframework.cloud.bootstrap.config.BootstrapPropertySource] to EncryptableEnumerablePropertySourceWrapper
2021-11-07 16:34:02 [main] INFO  c.u.j.EncryptablePropertySourceConverter - Converting PropertySource bootstrapProperties-https://github.com/ertugrulsmz/spring-cloud-config/config-client-elastic_query.yaml [org.springframework.cloud.bootstrap.config.BootstrapPropertySource] to EncryptableEnumerablePropertySourceWrapper
2021-11-07 16:34:02 [main] INFO  c.u.j.EncryptablePropertySourceConverter - Converting PropertySource bootstrapProperties-https://github.com/ertugrulsmz/spring-cloud-config/config-client.yaml [org.springframework.cloud.bootstrap.config.BootstrapPropertySource] to EncryptableEnumerablePropertySourceWrapper
2021-11-07 16:34:02 [main] INFO  c.u.j.EncryptablePropertySourceConverter - Converting PropertySource configurationProperties [org.springframework.boot.context.properties.source.ConfigurationPropertySourcesPropertySource] to AOP Proxy
2021-11-07 16:34:02 [main] INFO  c.u.j.EncryptablePropertySourceConverter - Converting PropertySource servletConfigInitParams [org.springframework.core.env.PropertySource$StubPropertySource] to EncryptablePropertySourceWrapper
2021-11-07 16:34:02 [main] INFO  c.u.j.EncryptablePropertySourceConverter - Converting PropertySource servletContextInitParams [org.springframework.core.env.PropertySource$StubPropertySource] to EncryptablePropertySourceWrapper
2021-11-07 16:34:02 [main] INFO  c.u.j.EncryptablePropertySourceConverter - Converting PropertySource systemProperties [org.springframework.core.env.PropertiesPropertySource] to EncryptableMapPropertySourceWrapper
2021-11-07 16:34:02 [main] INFO  c.u.j.EncryptablePropertySourceConverter - Converting PropertySource systemEnvironment [org.springframework.boot.env.SystemEnvironmentPropertySourceEnvironmentPostProcessor$OriginAwareSystemEnvironmentPropertySource] to EncryptableSystemEnvironmentPropertySourceWrapper
2021-11-07 16:34:02 [main] INFO  c.u.j.EncryptablePropertySourceConverter - Converting PropertySource random [org.springframework.boot.env.RandomValuePropertySource] to EncryptablePropertySourceWrapper
2021-11-07 16:34:02 [main] INFO  c.u.j.EncryptablePropertySourceConverter - Converting PropertySource springCloudClientHostInfo [org.springframework.core.env.MapPropertySource] to EncryptableMapPropertySourceWrapper
2021-11-07 16:34:02 [main] INFO  c.u.j.EncryptablePropertySourceConverter - Converting PropertySource springCloudDefaultProperties [org.springframework.core.env.MapPropertySource] to EncryptableMapPropertySourceWrapper
2021-11-07 16:34:02 [main] INFO  c.u.j.EncryptablePropertySourceConverter - Converting PropertySource cachedrandom [org.springframework.cloud.util.random.CachedRandomPropertySource] to EncryptablePropertySourceWrapper
2021-11-07 16:34:02 [main] INFO  c.u.j.f.DefaultLazyPropertyFilter - Property Filter custom Bean not found with name 'encryptablePropertyFilter'. Initializing Default Property Filter
2021-11-07 16:34:02 [main] INFO  c.u.j.r.DefaultLazyPropertyResolver - Property Resolver custom Bean not found with name 'encryptablePropertyResolver'. Initializing Default Property Resolver
2021-11-07 16:34:02 [main] INFO  c.u.j.d.DefaultLazyPropertyDetector - Property Detector custom Bean not found with name 'encryptablePropertyDetector'. Initializing Default Property Detector
2021-11-07 16:34:03 [main] INFO  o.s.b.w.e.tomcat.TomcatWebServer - Tomcat initialized with port(s): 8183 (http)
2021-11-07 16:34:03 [main] INFO  o.a.coyote.http11.Http11NioProtocol - Initializing ProtocolHandler ["http-nio-8183"]
2021-11-07 16:34:03 [main] INFO  o.a.catalina.core.StandardService - Starting service [Tomcat]
2021-11-07 16:34:03 [main] INFO  o.a.catalina.core.StandardEngine - Starting Servlet engine: [Apache Tomcat/9.0.38]
2021-11-07 16:34:03 [main] INFO  o.a.c.c.C.[.[.[/elastic-query-service] - Initializing Spring embedded WebApplicationContext
2021-11-07 16:34:03 [main] INFO  o.s.b.w.s.c.ServletWebServerApplicationContext - Root WebApplicationContext: initialization completed in 1857 ms
2021-11-07 16:34:03 [main] WARN  o.s.data.convert.CustomConversions - Registering converter from class org.springframework.data.geo.Point to interface java.util.Map as writing converter although it doesn't convert to a store-supported type! You might want to check your annotation setup at the converter implementation.
2021-11-07 16:34:03 [main] WARN  o.s.data.convert.CustomConversions - Registering converter from interface java.util.Map to class org.springframework.data.geo.Point as reading converter although it doesn't convert from a store-supported type! You might want to check your annotation setup at the converter implementation.
2021-11-07 16:34:03 [main] WARN  o.s.data.convert.CustomConversions - Registering converter from class org.springframework.data.elasticsearch.core.geo.GeoPoint to interface java.util.Map as writing converter although it doesn't convert to a store-supported type! You might want to check your annotation setup at the converter implementation.
2021-11-07 16:34:03 [main] WARN  o.s.data.convert.CustomConversions - Registering converter from interface java.util.Map to class org.springframework.data.elasticsearch.core.geo.GeoPoint as reading converter although it doesn't convert from a store-supported type! You might want to check your annotation setup at the converter implementation.
2021-11-07 16:34:03 [main] WARN  o.s.data.convert.CustomConversions - Registering converter from class org.springframework.data.geo.Point to interface java.util.Map as writing converter although it doesn't convert to a store-supported type! You might want to check your annotation setup at the converter implementation.
2021-11-07 16:34:03 [main] WARN  o.s.data.convert.CustomConversions - Registering converter from interface java.util.Map to class org.springframework.data.geo.Point as reading converter although it doesn't convert from a store-supported type! You might want to check your annotation setup at the converter implementation.
2021-11-07 16:34:03 [main] WARN  o.s.data.convert.CustomConversions - Registering converter from class org.springframework.data.elasticsearch.core.geo.GeoPoint to interface java.util.Map as writing converter although it doesn't convert to a store-supported type! You might want to check your annotation setup at the converter implementation.
2021-11-07 16:34:03 [main] WARN  o.s.data.convert.CustomConversions - Registering converter from interface java.util.Map to class org.springframework.data.elasticsearch.core.geo.GeoPoint as reading converter although it doesn't convert from a store-supported type! You might want to check your annotation setup at the converter implementation.
2021-11-07 16:34:06 [main] INFO  o.s.d.e.support.VersionInfo - Version Spring Data Elasticsearch: 4.0.4.RELEASE
2021-11-07 16:34:06 [main] INFO  o.s.d.e.support.VersionInfo - Version Elasticsearch Client in build: 7.6.2
2021-11-07 16:34:06 [main] INFO  o.s.d.e.support.VersionInfo - Version Elasticsearch Client used: 7.9.1
2021-11-07 16:34:06 [main] WARN  o.s.d.e.support.VersionInfo - Version mismatch in between Elasticsearch Clients build/use: 7.6.2 - 7.9.1
2021-11-07 16:34:08 [main] WARN  o.s.d.e.r.s.AbstractElasticsearchRepository - Cannot create index: Connection refused: no further information; nested exception is java.lang.RuntimeException: Connection refused: no further information
2021-11-07 16:34:08 [main] INFO  o.s.s.web.DefaultSecurityFilterChain - Creating filter chain: Ant [pattern='/api-docs'], []
2021-11-07 16:34:08 [main] INFO  o.s.s.web.DefaultSecurityFilterChain - Creating filter chain: any request, [org.springframework.security.web.context.request.async.WebAsyncManagerIntegrationFilter@7c9ea1d0, org.springframework.security.web.context.SecurityContextPersistenceFilter@54496c2d, org.springframework.security.web.header.HeaderWriterFilter@3ea9a091, org.springframework.security.web.authentication.logout.LogoutFilter@1e4d8770, org.springframework.security.web.authentication.www.BasicAuthenticationFilter@4e756867, org.springframework.security.web.savedrequest.RequestCacheAwareFilter@236b4a44, org.springframework.security.web.servletapi.SecurityContextHolderAwareRequestFilter@773f3360, org.springframework.security.web.authentication.AnonymousAuthenticationFilter@72f3acc9, org.springframework.security.web.session.SessionManagementFilter@21c99abf, org.springframework.security.web.access.ExceptionTranslationFilter@6c1b82cd, org.springframework.security.web.access.intercept.FilterSecurityInterceptor@283bb8b7]
2021-11-07 16:34:08 [main] WARN  o.s.data.convert.CustomConversions - Registering converter from class org.springframework.data.geo.Point to interface java.util.Map as writing converter although it doesn't convert to a store-supported type! You might want to check your annotation setup at the converter implementation.
2021-11-07 16:34:08 [main] WARN  o.s.data.convert.CustomConversions - Registering converter from interface java.util.Map to class org.springframework.data.geo.Point as reading converter although it doesn't convert from a store-supported type! You might want to check your annotation setup at the converter implementation.
2021-11-07 16:34:08 [main] WARN  o.s.data.convert.CustomConversions - Registering converter from class org.springframework.data.elasticsearch.core.geo.GeoPoint to interface java.util.Map as writing converter although it doesn't convert to a store-supported type! You might want to check your annotation setup at the converter implementation.
2021-11-07 16:34:08 [main] WARN  o.s.data.convert.CustomConversions - Registering converter from interface java.util.Map to class org.springframework.data.elasticsearch.core.geo.GeoPoint as reading converter although it doesn't convert from a store-supported type! You might want to check your annotation setup at the converter implementation.
2021-11-07 16:34:10 [main] INFO  o.s.s.c.ThreadPoolTaskExecutor - Initializing ExecutorService 'applicationTaskExecutor'
2021-11-07 16:34:12 [main] INFO  o.a.coyote.http11.Http11NioProtocol - Starting ProtocolHandler ["http-nio-8183"]
2021-11-07 16:34:12 [main] INFO  o.s.b.w.e.tomcat.TomcatWebServer - Tomcat started on port(s): 8183 (http) with context path '/elastic-query-service'
2021-11-07 16:34:12 [main] INFO  c.m.d.e.q.s.ElasticQueryServiceApplication - Started ElasticQueryServiceApplication in 16.043 seconds (JVM running for 17.784)
2021-11-07 16:34:55 [http-nio-8183-exec-1] INFO  o.a.c.c.C.[.[.[/elastic-query-service] - Initializing Spring DispatcherServlet 'dispatcherServlet'
2021-11-07 16:34:55 [http-nio-8183-exec-1] INFO  o.s.web.servlet.DispatcherServlet - Initializing Servlet 'dispatcherServlet'
2021-11-07 16:34:55 [http-nio-8183-exec-1] INFO  o.s.web.servlet.DispatcherServlet - Completed initialization in 7 ms
2021-11-07 16:34:56 [http-nio-8183-exec-1] WARN  o.a.c.util.SessionIdGeneratorBase - Creation of SecureRandom instance for session ID generation using [SHA1PRNG] took [255] milliseconds.
2021-11-07 16:34:58 [http-nio-8183-exec-1] ERROR c.m.d.e.q.s.e.h.ElasticQueryServiceErrorHandler - Service runtime exception org.springframework.dao.DataAccessResourceFailureException: Connection refused: no further information; nested exception is java.lang.RuntimeException: Connection refused: no further information
2021-11-07 16:35:06 [http-nio-8183-exec-2] ERROR o.a.c.c.C.[.[.[.[dispatcherServlet] - Servlet.service() for servlet [dispatcherServlet] in context with path [/elastic-query-service] threw exception
org.springframework.security.web.firewall.RequestRejectedException: The request was rejected because the URL contained a potentially malicious String "//"
	at org.springframework.security.web.firewall.StrictHttpFirewall.rejectedBlacklistedUrls(StrictHttpFirewall.java:369)
	at org.springframework.security.web.firewall.StrictHttpFirewall.getFirewalledRequest(StrictHttpFirewall.java:336)
	at org.springframework.security.web.FilterChainProxy.doFilterInternal(FilterChainProxy.java:194)
	at org.springframework.security.web.FilterChainProxy.doFilter(FilterChainProxy.java:178)
	at org.springframework.web.filter.DelegatingFilterProxy.invokeDelegate(DelegatingFilterProxy.java:358)
	at org.springframework.web.filter.DelegatingFilterProxy.doFilter(DelegatingFilterProxy.java:271)
	at org.apache.catalina.core.ApplicationFilterChain.internalDoFilter(ApplicationFilterChain.java:193)
	at org.apache.catalina.core.ApplicationFilterChain.doFilter(ApplicationFilterChain.java:166)
	at org.springframework.web.filter.RequestContextFilter.doFilterInternal(RequestContextFilter.java:100)
	at org.springframework.web.filter.OncePerRequestFilter.doFilter(OncePerRequestFilter.java:119)
	at org.apache.catalina.core.ApplicationFilterChain.internalDoFilter(ApplicationFilterChain.java:193)
	at org.apache.catalina.core.ApplicationFilterChain.doFilter(ApplicationFilterChain.java:166)
	at org.springframework.web.filter.FormContentFilter.doFilterInternal(FormContentFilter.java:93)
	at org.springframework.web.filter.OncePerRequestFilter.doFilter(OncePerRequestFilter.java:119)
	at org.apache.catalina.core.ApplicationFilterChain.internalDoFilter(ApplicationFilterChain.java:193)
	at org.apache.catalina.core.ApplicationFilterChain.doFilter(ApplicationFilterChain.java:166)
	at org.springframework.web.filter.CharacterEncodingFilter.doFilterInternal(CharacterEncodingFilter.java:201)
	at org.springframework.web.filter.OncePerRequestFilter.doFilter(OncePerRequestFilter.java:119)
	at org.apache.catalina.core.ApplicationFilterChain.internalDoFilter(ApplicationFilterChain.java:193)
	at org.apache.catalina.core.ApplicationFilterChain.doFilter(ApplicationFilterChain.java:166)
	at org.apache.catalina.core.StandardWrapperValve.invoke(StandardWrapperValve.java:202)
	at org.apache.catalina.core.StandardContextValve.invoke(StandardContextValve.java:97)
	at org.apache.catalina.authenticator.AuthenticatorBase.invoke(AuthenticatorBase.java:541)
	at org.apache.catalina.core.StandardHostValve.invoke(StandardHostValve.java:143)
	at org.apache.catalina.valves.ErrorReportValve.invoke(ErrorReportValve.java:92)
	at org.apache.catalina.core.StandardEngineValve.invoke(StandardEngineValve.java:78)
	at org.apache.catalina.connector.CoyoteAdapter.service(CoyoteAdapter.java:343)
	at org.apache.coyote.http11.Http11Processor.service(Http11Processor.java:374)
	at org.apache.coyote.AbstractProcessorLight.process(AbstractProcessorLight.java:65)
	at org.apache.coyote.AbstractProtocol$ConnectionHandler.process(AbstractProtocol.java:868)
	at org.apache.tomcat.util.net.NioEndpoint$SocketProcessor.doRun(NioEndpoint.java:1590)
	at org.apache.tomcat.util.net.SocketProcessorBase.run(SocketProcessorBase.java:49)
	at java.base/java.util.concurrent.ThreadPoolExecutor.runWorker(ThreadPoolExecutor.java:1128)
	at java.base/java.util.concurrent.ThreadPoolExecutor$Worker.run(ThreadPoolExecutor.java:628)
	at org.apache.tomcat.util.threads.TaskThread$WrappingRunnable.run(TaskThread.java:61)
	at java.base/java.lang.Thread.run(Thread.java:834)
2021-11-07 16:35:29 [http-nio-8183-exec-3] INFO  o.s.api.AbstractOpenApiResource - Init duration for springdoc-openapi is: 234 ms
2021-11-07 16:39:24 [http-nio-8183-exec-7] ERROR c.m.d.e.q.s.e.h.ElasticQueryServiceErrorHandler - Service runtime exception org.springframework.dao.DataAccessResourceFailureException: Connection refused: no further information; nested exception is java.lang.RuntimeException: Connection refused: no further information
2021-11-07 16:40:42 [http-nio-8183-exec-8] ERROR c.m.d.e.q.s.e.h.ElasticQueryServiceErrorHandler - Service runtime exception org.springframework.dao.DataAccessResourceFailureException: Connection refused: no further information; nested exception is java.lang.RuntimeException: Connection refused: no further information
2021-11-07 16:40:51 [http-nio-8183-exec-9] ERROR c.m.d.e.q.s.e.h.ElasticQueryServiceErrorHandler - Service runtime exception org.springframework.dao.DataAccessResourceFailureException: Connection refused: no further information; nested exception is java.lang.RuntimeException: Connection refused: no further information
